0 verbose cli C:\Program Files\nodejs\node.exe C:\Program Files\nodejs\node_modules\npm\bin\npm-cli.js
1 info using npm@10.9.3
2 info using node@v22.19.0
3 silly config load:file:C:\Program Files\nodejs\node_modules\npm\npmrc
4 silly config load:file:C:\Users\samir\Desktop\coding\SplitEasy\frontend-react\.npmrc
5 silly config load:file:C:\Users\samir\.npmrc
6 silly config load:file:C:\Users\samir\AppData\Roaming\npm\etc\npmrc
7 verbose title npm install tailwindcss @tailwindcss/vite
8 verbose argv "install" "tailwindcss" "@tailwindcss/vite" "--cache" "./.npm-cache"
9 verbose logfile logs-max:10 dir:C:\Users\samir\Desktop\coding\SplitEasy\frontend-react\.npm-cache\_logs\2026-05-14T23_14_16_419Z-
10 verbose logfile C:\Users\samir\Desktop\coding\SplitEasy\frontend-react\.npm-cache\_logs\2026-05-14T23_14_16_419Z-debug-0.log
11 silly logfile done cleaning log files
12 silly packumentCache heap:2197815296 maxSize:549453824 maxEntrySize:274726912
13 silly idealTree buildDeps
14 silly fetch manifest tailwindcss@*
15 silly packumentCache full:https://registry.npmjs.org/tailwindcss cache-miss
16 verbose shrinkwrap failed to load node_modules/.package-lock.json out of date, updated: node_modules
17 http fetch GET 200 https://registry.npmjs.org/tailwindcss 633ms (cache miss)
18 silly packumentCache full:https://registry.npmjs.org/tailwindcss set size:undefined disposed:false
19 silly fetch manifest @tailwindcss/vite@*
20 silly packumentCache full:https://registry.npmjs.org/@tailwindcss%2fvite cache-miss
21 http fetch GET 200 https://registry.npmjs.org/@tailwindcss%2fvite 177ms (cache miss)
22 silly packumentCache full:https://registry.npmjs.org/@tailwindcss%2fvite set size:undefined disposed:false
23 silly fetch manifest vite@^5.3.1
24 silly packumentCache full:https://registry.npmjs.org/vite cache-miss
25 http fetch GET 200 https://registry.npmjs.org/npm 1305ms
26 http fetch GET 200 https://registry.npmjs.org/vite 1658ms (cache miss)
27 silly packumentCache full:https://registry.npmjs.org/vite set size:undefined disposed:false
28 silly fetch manifest @types/node@^18.0.0 || >=20.0.0
29 silly packumentCache full:https://registry.npmjs.org/@types%2fnode cache-miss
30 http fetch GET 200 https://registry.npmjs.org/@types%2fnode 687ms (cache miss)
31 silly packumentCache full:https://registry.npmjs.org/@types%2fnode set size:undefined disposed:false
32 silly fetch manifest less@*
33 silly packumentCache full:https://registry.npmjs.org/less cache-miss
34 http fetch GET 200 https://registry.npmjs.org/less 88ms (cache miss)
35 silly packumentCache full:https://registry.npmjs.org/less set size:undefined disposed:false
36 silly fetch manifest lightningcss@^1.21.0
37 silly packumentCache full:https://registry.npmjs.org/lightningcss cache-miss
38 http fetch GET 200 https://registry.npmjs.org/lightningcss 82ms (cache miss)
39 silly packumentCache full:https://registry.npmjs.org/lightningcss set size:undefined disposed:false
40 silly fetch manifest sass@*
41 silly packumentCache full:https://registry.npmjs.org/sass cache-miss
42 http fetch GET 200 https://registry.npmjs.org/sass 110ms (cache miss)
43 silly packumentCache full:https://registry.npmjs.org/sass set size:undefined disposed:false
44 silly fetch manifest sass-embedded@*
45 silly packumentCache full:https://registry.npmjs.org/sass-embedded cache-miss
46 http fetch GET 200 https://registry.npmjs.org/sass-embedded 104ms (cache miss)
47 silly packumentCache full:https://registry.npmjs.org/sass-embedded set size:undefined disposed:false
48 silly fetch manifest stylus@*
49 silly packumentCache full:https://registry.npmjs.org/stylus cache-miss
50 http fetch GET 200 https://registry.npmjs.org/stylus 88ms (cache miss)
51 silly packumentCache full:https://registry.npmjs.org/stylus set size:undefined disposed:false
52 silly fetch manifest sugarss@*
53 silly packumentCache full:https://registry.npmjs.org/sugarss cache-miss
54 http fetch GET 200 https://registry.npmjs.org/sugarss 76ms (cache miss)
55 silly packumentCache full:https://registry.npmjs.org/sugarss set size:undefined disposed:false
56 silly fetch manifest postcss@^8.3.3
57 silly packumentCache full:https://registry.npmjs.org/postcss cache-miss
58 http fetch GET 200 https://registry.npmjs.org/postcss 141ms (cache miss)
59 silly packumentCache full:https://registry.npmjs.org/postcss set size:undefined disposed:false
60 silly fetch manifest terser@^5.4.0
61 silly packumentCache full:https://registry.npmjs.org/terser cache-miss
62 http fetch GET 200 https://registry.npmjs.org/terser 134ms (cache miss)
63 silly packumentCache full:https://registry.npmjs.org/terser set size:undefined disposed:false
64 silly placeDep ROOT @tailwindcss/vite@4.3.0 OK for: spliteasy-frontend@1.0.0 want: *
65 silly placeDep ROOT tailwindcss@4.3.0 OK for: spliteasy-frontend@1.0.0 want: *
66 silly fetch manifest tailwindcss@4.3.0
67 silly packumentCache full:https://registry.npmjs.org/tailwindcss cache-miss
68 silly fetch manifest @tailwindcss/node@4.3.0
69 silly packumentCache full:https://registry.npmjs.org/@tailwindcss%2fnode cache-miss
70 silly fetch manifest @tailwindcss/oxide@4.3.0
71 silly packumentCache full:https://registry.npmjs.org/@tailwindcss%2foxide cache-miss
72 http cache https://registry.npmjs.org/tailwindcss 110ms (cache hit)
73 silly packumentCache full:https://registry.npmjs.org/tailwindcss set size:10521111 disposed:false
74 http fetch GET 200 https://registry.npmjs.org/@tailwindcss%2fnode 632ms (cache miss)
75 silly packumentCache full:https://registry.npmjs.org/@tailwindcss%2fnode set size:undefined disposed:false
76 http fetch GET 200 https://registry.npmjs.org/@tailwindcss%2foxide 1053ms (cache miss)
77 silly packumentCache full:https://registry.npmjs.org/@tailwindcss%2foxide set size:undefined disposed:false
78 silly placeDep ROOT @tailwindcss/node@4.3.0 OK for: @tailwindcss/vite@4.3.0 want: 4.3.0
79 silly placeDep ROOT @tailwindcss/oxide@4.3.0 OK for: @tailwindcss/vite@4.3.0 want: 4.3.0
80 silly fetch manifest jiti@^2.6.1
81 silly packumentCache full:https://registry.npmjs.org/jiti cache-miss
82 silly fetch manifest lightningcss@1.32.0
83 silly packumentCache full:https://registry.npmjs.org/lightningcss cache-miss
84 silly fetch manifest magic-string@^0.30.21
85 silly packumentCache full:https://registry.npmjs.org/magic-string cache-miss
86 http fetch GET 200 https://registry.npmjs.org/magic-string 186ms (cache miss)
87 silly packumentCache full:https://registry.npmjs.org/magic-string set size:undefined disposed:false
88 silly fetch manifest enhanced-resolve@^5.21.0
89 silly packumentCache full:https://registry.npmjs.org/enhanced-resolve cache-miss
90 http fetch GET 200 https://registry.npmjs.org/jiti 212ms (cache miss)
91 silly packumentCache full:https://registry.npmjs.org/jiti set size:undefined disposed:false
92 silly fetch manifest @tailwindcss/oxide-darwin-x64@4.3.0
93 silly packumentCache full:https://registry.npmjs.org/@tailwindcss%2foxide-darwin-x64 cache-miss
94 http fetch GET 200 https://registry.npmjs.org/enhanced-resolve 84ms (cache miss)
95 silly packumentCache full:https://registry.npmjs.org/enhanced-resolve set size:undefined disposed:false
96 silly fetch manifest @tailwindcss/oxide-freebsd-x64@4.3.0
97 silly packumentCache full:https://registry.npmjs.org/@tailwindcss%2foxide-freebsd-x64 cache-miss
98 http fetch GET 200 https://registry.npmjs.org/@tailwindcss%2foxide-darwin-x64 255ms (cache miss)
99 silly packumentCache full:https://registry.npmjs.org/@tailwindcss%2foxide-darwin-x64 set size:undefined disposed:false
100 silly fetch manifest @tailwindcss/oxide-wasm32-wasi@4.3.0
101 silly packumentCache full:https://registry.npmjs.org/@tailwindcss%2foxide-wasm32-wasi cache-miss
102 http fetch GET 200 https://registry.npmjs.org/@tailwindcss%2foxide-freebsd-x64 390ms (cache miss)
103 silly packumentCache full:https://registry.npmjs.org/@tailwindcss%2foxide-freebsd-x64 set size:undefined disposed:false
104 silly fetch manifest @tailwindcss/oxide-darwin-arm64@4.3.0
105 silly packumentCache full:https://registry.npmjs.org/@tailwindcss%2foxide-darwin-arm64 cache-miss
106 http fetch GET 200 https://registry.npmjs.org/@tailwindcss%2foxide-wasm32-wasi 211ms (cache miss)
107 silly packumentCache full:https://registry.npmjs.org/@tailwindcss%2foxide-wasm32-wasi set size:undefined disposed:false
108 silly fetch manifest @tailwindcss/oxide-android-arm64@4.3.0
109 silly packumentCache full:https://registry.npmjs.org/@tailwindcss%2foxide-android-arm64 cache-miss
110 http fetch GET 200 https://registry.npmjs.org/@tailwindcss%2foxide-android-arm64 192ms (cache miss)
111 silly packumentCache full:https://registry.npmjs.org/@tailwindcss%2foxide-android-arm64 set size:undefined disposed:false
112 silly fetch manifest @tailwindcss/oxide-linux-x64-gnu@4.3.0
113 silly packumentCache full:https://registry.npmjs.org/@tailwindcss%2foxide-linux-x64-gnu cache-miss
114 http fetch GET 200 https://registry.npmjs.org/@tailwindcss%2foxide-darwin-arm64 460ms (cache miss)
115 silly packumentCache full:https://registry.npmjs.org/@tailwindcss%2foxide-darwin-arm64 set size:undefined disposed:false
116 silly fetch manifest @tailwindcss/oxide-linux-x64-musl@4.3.0
117 silly packumentCache full:https://registry.npmjs.org/@tailwindcss%2foxide-linux-x64-musl cache-miss
118 http fetch GET 200 https://registry.npmjs.org/@tailwindcss%2foxide-linux-x64-gnu 698ms (cache miss)
119 silly packumentCache full:https://registry.npmjs.org/@tailwindcss%2foxide-linux-x64-gnu set size:undefined disposed:false
120 silly fetch manifest @tailwindcss/oxide-win32-x64-msvc@4.3.0
121 silly packumentCache full:https://registry.npmjs.org/@tailwindcss%2foxide-win32-x64-msvc cache-miss
122 http fetch GET 200 https://registry.npmjs.org/@tailwindcss%2foxide-linux-x64-musl 697ms (cache miss)
123 silly packumentCache full:https://registry.npmjs.org/@tailwindcss%2foxide-linux-x64-musl set size:undefined disposed:false
124 silly fetch manifest @tailwindcss/oxide-linux-arm64-gnu@4.3.0
125 silly packumentCache full:https://registry.npmjs.org/@tailwindcss%2foxide-linux-arm64-gnu cache-miss
126 http fetch GET 200 https://registry.npmjs.org/@tailwindcss%2foxide-win32-x64-msvc 627ms (cache miss)
127 silly packumentCache full:https://registry.npmjs.org/@tailwindcss%2foxide-win32-x64-msvc set size:undefined disposed:false
128 silly fetch manifest @tailwindcss/oxide-linux-arm64-musl@4.3.0
129 silly packumentCache full:https://registry.npmjs.org/@tailwindcss%2foxide-linux-arm64-musl cache-miss
130 http fetch GET 200 https://registry.npmjs.org/@tailwindcss%2foxide-linux-arm64-gnu 592ms (cache miss)
131 silly packumentCache full:https://registry.npmjs.org/@tailwindcss%2foxide-linux-arm64-gnu set size:undefined disposed:false
132 silly fetch manifest @tailwindcss/oxide-win32-arm64-msvc@4.3.0
133 silly packumentCache full:https://registry.npmjs.org/@tailwindcss%2foxide-win32-arm64-msvc cache-miss
134 http fetch GET 200 https://registry.npmjs.org/@tailwindcss%2foxide-linux-arm64-musl 312ms (cache miss)
135 silly packumentCache full:https://registry.npmjs.org/@tailwindcss%2foxide-linux-arm64-musl set size:undefined disposed:false
136 silly fetch manifest @tailwindcss/oxide-linux-arm-gnueabihf@4.3.0
137 silly packumentCache full:https://registry.npmjs.org/@tailwindcss%2foxide-linux-arm-gnueabihf cache-miss
138 http cache https://registry.npmjs.org/lightningcss 2888ms (cache hit)
139 silly packumentCache full:https://registry.npmjs.org/lightningcss set size:186753 disposed:false
140 http fetch GET 200 https://registry.npmjs.org/@tailwindcss%2foxide-win32-arm64-msvc 273ms (cache miss)
141 silly packumentCache full:https://registry.npmjs.org/@tailwindcss%2foxide-win32-arm64-msvc set size:undefined disposed:false
142 http fetch GET 200 https://registry.npmjs.org/@tailwindcss%2foxide-linux-arm-gnueabihf 312ms (cache miss)
143 silly packumentCache full:https://registry.npmjs.org/@tailwindcss%2foxide-linux-arm-gnueabihf set size:undefined disposed:false
144 silly placeDep ROOT enhanced-resolve@5.21.3 OK for: @tailwindcss/node@4.3.0 want: ^5.21.0
145 silly placeDep ROOT jiti@2.7.0 OK for: @tailwindcss/node@4.3.0 want: ^2.6.1
146 silly placeDep ROOT lightningcss@1.32.0 OK for: @tailwindcss/node@4.3.0 want: 1.32.0
147 silly placeDep ROOT magic-string@0.30.21 OK for: @tailwindcss/node@4.3.0 want: ^0.30.21
148 silly fetch manifest graceful-fs@^4.2.4
149 silly packumentCache full:https://registry.npmjs.org/graceful-fs cache-miss
150 silly fetch manifest tapable@^2.3.3
151 silly packumentCache full:https://registry.npmjs.org/tapable cache-miss
152 silly fetch manifest detect-libc@^2.0.3
153 silly packumentCache full:https://registry.npmjs.org/detect-libc cache-miss
154 http fetch GET 200 https://registry.npmjs.org/tapable 76ms (cache miss)
155 silly packumentCache full:https://registry.npmjs.org/tapable set size:undefined disposed:false
156 silly fetch manifest lightningcss-darwin-x64@1.32.0
157 silly packumentCache full:https://registry.npmjs.org/lightningcss-darwin-x64 cache-miss
158 http fetch GET 200 https://registry.npmjs.org/graceful-fs 87ms (cache miss)
159 silly packumentCache full:https://registry.npmjs.org/graceful-fs set size:undefined disposed:false
160 silly fetch manifest lightningcss-linux-x64-gnu@1.32.0
161 silly packumentCache full:https://registry.npmjs.org/lightningcss-linux-x64-gnu cache-miss
162 http fetch GET 200 https://registry.npmjs.org/lightningcss-darwin-x64 83ms (cache miss)
163 silly packumentCache full:https://registry.npmjs.org/lightningcss-darwin-x64 set size:undefined disposed:false
164 silly fetch manifest lightningcss-win32-x64-msvc@1.32.0
165 silly packumentCache full:https://registry.npmjs.org/lightningcss-win32-x64-msvc cache-miss
166 http fetch GET 200 https://registry.npmjs.org/lightningcss-linux-x64-gnu 84ms (cache miss)
167 silly packumentCache full:https://registry.npmjs.org/lightningcss-linux-x64-gnu set size:undefined disposed:false
168 silly fetch manifest lightningcss-win32-arm64-msvc@1.32.0
169 silly packumentCache full:https://registry.npmjs.org/lightningcss-win32-arm64-msvc cache-miss
170 http fetch GET 200 https://registry.npmjs.org/lightningcss-win32-x64-msvc 63ms (cache miss)
171 silly packumentCache full:https://registry.npmjs.org/lightningcss-win32-x64-msvc set size:undefined disposed:false
172 silly fetch manifest lightningcss-darwin-arm64@1.32.0
173 silly packumentCache full:https://registry.npmjs.org/lightningcss-darwin-arm64 cache-miss
174 http fetch GET 200 https://registry.npmjs.org/lightningcss-win32-arm64-msvc 72ms (cache miss)
175 silly packumentCache full:https://registry.npmjs.org/lightningcss-win32-arm64-msvc set size:undefined disposed:false
176 silly fetch manifest lightningcss-linux-arm64-gnu@1.32.0
177 silly packumentCache full:https://registry.npmjs.org/lightningcss-linux-arm64-gnu cache-miss
178 http fetch GET 200 https://registry.npmjs.org/lightningcss-darwin-arm64 55ms (cache miss)
179 silly packumentCache full:https://registry.npmjs.org/lightningcss-darwin-arm64 set size:undefined disposed:false
180 silly fetch manifest lightningcss-linux-arm-gnueabihf@1.32.0
181 silly packumentCache full:https://registry.npmjs.org/lightningcss-linux-arm-gnueabihf cache-miss
182 http fetch GET 200 https://registry.npmjs.org/lightningcss-linux-arm64-gnu 73ms (cache miss)
183 silly packumentCache full:https://registry.npmjs.org/lightningcss-linux-arm64-gnu set size:undefined disposed:false
184 silly fetch manifest lightningcss-linux-arm64-musl@1.32.0
185 silly packumentCache full:https://registry.npmjs.org/lightningcss-linux-arm64-musl cache-miss
186 http fetch GET 200 https://registry.npmjs.org/detect-libc 459ms (cache miss)
187 silly packumentCache full:https://registry.npmjs.org/detect-libc set size:undefined disposed:false
188 silly fetch manifest lightningcss-linux-x64-musl@1.32.0
189 silly packumentCache full:https://registry.npmjs.org/lightningcss-linux-x64-musl cache-miss
190 http fetch GET 200 https://registry.npmjs.org/lightningcss-linux-arm-gnueabihf 216ms (cache miss)
191 silly packumentCache full:https://registry.npmjs.org/lightningcss-linux-arm-gnueabihf set size:undefined disposed:false
192 silly fetch manifest lightningcss-freebsd-x64@1.32.0
193 silly packumentCache full:https://registry.npmjs.org/lightningcss-freebsd-x64 cache-miss
194 http fetch GET 200 https://registry.npmjs.org/lightningcss-linux-x64-musl 67ms (cache miss)
195 silly packumentCache full:https://registry.npmjs.org/lightningcss-linux-x64-musl set size:undefined disposed:false
196 silly fetch manifest lightningcss-android-arm64@1.32.0
197 silly packumentCache full:https://registry.npmjs.org/lightningcss-android-arm64 cache-miss
198 http fetch GET 200 https://registry.npmjs.org/lightningcss-freebsd-x64 61ms (cache miss)
199 silly packumentCache full:https://registry.npmjs.org/lightningcss-freebsd-x64 set size:undefined disposed:false
200 http fetch GET 200 https://registry.npmjs.org/lightningcss-linux-arm64-musl 251ms (cache miss)
201 silly packumentCache full:https://registry.npmjs.org/lightningcss-linux-arm64-musl set size:undefined disposed:false
202 http fetch GET 200 https://registry.npmjs.org/lightningcss-android-arm64 62ms (cache miss)
203 silly packumentCache full:https://registry.npmjs.org/lightningcss-android-arm64 set size:undefined disposed:false
204 silly placeDep ROOT @tailwindcss/oxide-android-arm64@4.3.0 OK for: @tailwindcss/oxide@4.3.0 want: 4.3.0
205 silly placeDep ROOT @tailwindcss/oxide-darwin-arm64@4.3.0 OK for: @tailwindcss/oxide@4.3.0 want: 4.3.0
206 silly placeDep ROOT @tailwindcss/oxide-darwin-x64@4.3.0 OK for: @tailwindcss/oxide@4.3.0 want: 4.3.0
207 silly placeDep ROOT @tailwindcss/oxide-freebsd-x64@4.3.0 OK for: @tailwindcss/oxide@4.3.0 want: 4.3.0
208 silly placeDep ROOT @tailwindcss/oxide-linux-arm-gnueabihf@4.3.0 OK for: @tailwindcss/oxide@4.3.0 want: 4.3.0
209 silly placeDep ROOT @tailwindcss/oxide-linux-arm64-gnu@4.3.0 OK for: @tailwindcss/oxide@4.3.0 want: 4.3.0
210 silly placeDep ROOT @tailwindcss/oxide-linux-arm64-musl@4.3.0 OK for: @tailwindcss/oxide@4.3.0 want: 4.3.0
211 silly placeDep ROOT @tailwindcss/oxide-linux-x64-gnu@4.3.0 OK for: @tailwindcss/oxide@4.3.0 want: 4.3.0
212 silly placeDep ROOT @tailwindcss/oxide-linux-x64-musl@4.3.0 OK for: @tailwindcss/oxide@4.3.0 want: 4.3.0
213 silly placeDep ROOT @tailwindcss/oxide-wasm32-wasi@4.3.0 OK for: @tailwindcss/oxide@4.3.0 want: 4.3.0
214 silly placeDep ROOT @tailwindcss/oxide-win32-arm64-msvc@4.3.0 OK for: @tailwindcss/oxide@4.3.0 want: 4.3.0
215 silly placeDep ROOT @tailwindcss/oxide-win32-x64-msvc@4.3.0 OK for: @tailwindcss/oxide@4.3.0 want: 4.3.0
216 silly placeDep ROOT graceful-fs@4.2.11 OK for: enhanced-resolve@5.21.3 want: ^4.2.4
217 silly placeDep ROOT tapable@2.3.3 OK for: enhanced-resolve@5.21.3 want: ^2.3.3
218 silly placeDep ROOT detect-libc@2.1.2 OK for: lightningcss@1.32.0 want: ^2.0.3
219 silly placeDep ROOT lightningcss-android-arm64@1.32.0 OK for: lightningcss@1.32.0 want: 1.32.0
220 silly placeDep ROOT lightningcss-darwin-arm64@1.32.0 OK for: lightningcss@1.32.0 want: 1.32.0
221 silly placeDep ROOT lightningcss-darwin-x64@1.32.0 OK for: lightningcss@1.32.0 want: 1.32.0
222 silly placeDep ROOT lightningcss-freebsd-x64@1.32.0 OK for: lightningcss@1.32.0 want: 1.32.0
223 silly placeDep ROOT lightningcss-linux-arm-gnueabihf@1.32.0 OK for: lightningcss@1.32.0 want: 1.32.0
224 silly placeDep ROOT lightningcss-linux-arm64-gnu@1.32.0 OK for: lightningcss@1.32.0 want: 1.32.0
225 silly placeDep ROOT lightningcss-linux-arm64-musl@1.32.0 OK for: lightningcss@1.32.0 want: 1.32.0
226 silly placeDep ROOT lightningcss-linux-x64-gnu@1.32.0 OK for: lightningcss@1.32.0 want: 1.32.0
227 silly placeDep ROOT lightningcss-linux-x64-musl@1.32.0 OK for: lightningcss@1.32.0 want: 1.32.0
228 silly placeDep ROOT lightningcss-win32-arm64-msvc@1.32.0 OK for: lightningcss@1.32.0 want: 1.32.0
229 silly placeDep ROOT lightningcss-win32-x64-msvc@1.32.0 OK for: lightningcss@1.32.0 want: 1.32.0
230 silly reify moves {}
231 verbose reify failed optional dependency C:\Users\samir\Desktop\coding\SplitEasy\frontend-react\node_modules\@tailwindcss\oxide-wasm32-wasi
232 silly reify mark deleted [
232 silly reify   'C:\\Users\\samir\\Desktop\\coding\\SplitEasy\\frontend-react\\node_modules\\@tailwindcss\\oxide-wasm32-wasi'
232 silly reify ]
233 silly audit bulk request {
233 silly audit   '@babel/code-frame': [ '7.29.0' ],
233 silly audit   '@babel/compat-data': [ '7.29.0' ],
233 silly audit   '@babel/core': [ '7.29.0' ],
233 silly audit   '@babel/generator': [ '7.29.1' ],
233 silly audit   '@babel/helper-compilation-targets': [ '7.28.6' ],
233 silly audit   '@babel/helper-globals': [ '7.28.0' ],
233 silly audit   '@babel/helper-module-imports': [ '7.28.6' ],
233 silly audit   '@babel/helper-module-transforms': [ '7.28.6' ],
233 silly audit   '@babel/helper-plugin-utils': [ '7.28.6' ],
233 silly audit   '@babel/helper-string-parser': [ '7.27.1' ],
233 silly audit   '@babel/helper-validator-identifier': [ '7.28.5' ],
233 silly audit   '@babel/helper-validator-option': [ '7.27.1' ],
233 silly audit   '@babel/helpers': [ '7.29.2' ],
233 silly audit   '@babel/parser': [ '7.29.2' ],
233 silly audit   '@babel/plugin-transform-react-jsx-self': [ '7.27.1' ],
233 silly audit   '@babel/plugin-transform-react-jsx-source': [ '7.27.1' ],
233 silly audit   '@babel/template': [ '7.28.6' ],
233 silly audit   '@babel/traverse': [ '7.29.0' ],
233 silly audit   '@babel/types': [ '7.29.0' ],
233 silly audit   '@esbuild/aix-ppc64': [ '0.21.5' ],
233 silly audit   '@esbuild/android-arm': [ '0.21.5' ],
233 silly audit   '@esbuild/android-arm64': [ '0.21.5' ],
233 silly audit   '@esbuild/android-x64': [ '0.21.5' ],
233 silly audit   '@esbuild/darwin-arm64': [ '0.21.5' ],
233 silly audit   '@esbuild/darwin-x64': [ '0.21.5' ],
233 silly audit   '@esbuild/freebsd-arm64': [ '0.21.5' ],
233 silly audit   '@esbuild/freebsd-x64': [ '0.21.5' ],
233 silly audit   '@esbuild/linux-arm': [ '0.21.5' ],
233 silly audit   '@esbuild/linux-arm64': [ '0.21.5' ],
233 silly audit   '@esbuild/linux-ia32': [ '0.21.5' ],
233 silly audit   '@esbuild/linux-loong64': [ '0.21.5' ],
233 silly audit   '@esbuild/linux-mips64el': [ '0.21.5' ],
233 silly audit   '@esbuild/linux-ppc64': [ '0.21.5' ],
233 silly audit   '@esbuild/linux-riscv64': [ '0.21.5' ],
233 silly audit   '@esbuild/linux-s390x': [ '0.21.5' ],
233 silly audit   '@esbuild/linux-x64': [ '0.21.5' ],
233 silly audit   '@esbuild/netbsd-x64': [ '0.21.5' ],
233 silly audit   '@esbuild/openbsd-x64': [ '0.21.5' ],
233 silly audit   '@esbuild/sunos-x64': [ '0.21.5' ],
233 silly audit   '@esbuild/win32-arm64': [ '0.21.5' ],
233 silly audit   '@esbuild/win32-ia32': [ '0.21.5' ],
233 silly audit   '@esbuild/win32-x64': [ '0.21.5' ],
233 silly audit   '@jridgewell/gen-mapping': [ '0.3.13' ],
233 silly audit   '@jridgewell/remapping': [ '2.3.5' ],
233 silly audit   '@jridgewell/resolve-uri': [ '3.1.2' ],
233 silly audit   '@jridgewell/sourcemap-codec': [ '1.5.5' ],
233 silly audit   '@jridgewell/trace-mapping': [ '0.3.31' ],
233 silly audit   '@popperjs/core': [ '2.11.8' ],
233 silly audit   '@remix-run/router': [ '1.23.2' ],
233 silly audit   '@rolldown/pluginutils': [ '1.0.0-beta.27' ],
233 silly audit   '@rollup/rollup-android-arm-eabi': [ '4.60.2' ],
233 silly audit   '@rollup/rollup-android-arm64': [ '4.60.2' ],
233 silly audit   '@rollup/rollup-darwin-arm64': [ '4.60.2' ],
233 silly audit   '@rollup/rollup-darwin-x64': [ '4.60.2' ],
233 silly audit   '@rollup/rollup-freebsd-arm64': [ '4.60.2' ],
233 silly audit   '@rollup/rollup-freebsd-x64': [ '4.60.2' ],
233 silly audit   '@rollup/rollup-linux-arm-gnueabihf': [ '4.60.2' ],
233 silly audit   '@rollup/rollup-linux-arm-musleabihf': [ '4.60.2' ],
233 silly audit   '@rollup/rollup-linux-arm64-gnu': [ '4.60.2' ],
233 silly audit   '@rollup/rollup-linux-arm64-musl': [ '4.60.2' ],
233 silly audit   '@rollup/rollup-linux-loong64-gnu': [ '4.60.2' ],
233 silly audit   '@rollup/rollup-linux-loong64-musl': [ '4.60.2' ],
233 silly audit   '@rollup/rollup-linux-ppc64-gnu': [ '4.60.2' ],
233 silly audit   '@rollup/rollup-linux-ppc64-musl': [ '4.60.2' ],
233 silly audit   '@rollup/rollup-linux-riscv64-gnu': [ '4.60.2' ],
233 silly audit   '@rollup/rollup-linux-riscv64-musl': [ '4.60.2' ],
233 silly audit   '@rollup/rollup-linux-s390x-gnu': [ '4.60.2' ],
233 silly audit   '@rollup/rollup-linux-x64-gnu': [ '4.60.2' ],
233 silly audit   '@rollup/rollup-linux-x64-musl': [ '4.60.2' ],
233 silly audit   '@rollup/rollup-openbsd-x64': [ '4.60.2' ],
233 silly audit   '@rollup/rollup-openharmony-arm64': [ '4.60.2' ],
233 silly audit   '@rollup/rollup-win32-arm64-msvc': [ '4.60.2' ],
233 silly audit   '@rollup/rollup-win32-ia32-msvc': [ '4.60.2' ],
233 silly audit   '@rollup/rollup-win32-x64-gnu': [ '4.60.2' ],
233 silly audit   '@rollup/rollup-win32-x64-msvc': [ '4.60.2' ],
233 silly audit   '@types/babel__core': [ '7.20.5' ],
233 silly audit   '@types/babel__generator': [ '7.27.0' ],
233 silly audit   '@types/babel__template': [ '7.4.4' ],
233 silly audit   '@types/babel__traverse': [ '7.28.0' ],
233 silly audit   '@types/estree': [ '1.0.8' ],
233 silly audit   '@types/prop-types': [ '15.7.15' ],
233 silly audit   '@types/react': [ '18.3.28' ],
233 silly audit   '@types/react-dom': [ '18.3.7' ],
233 silly audit   '@vitejs/plugin-react': [ '4.7.0' ],
233 silly audit   asynckit: [ '0.4.0' ],
233 silly audit   axios: [ '1.15.2' ],
233 silly audit   'baseline-browser-mapping': [ '2.10.24' ],
233 silly audit   bootstrap: [ '5.3.8' ],
233 silly audit   'bootstrap-icons': [ '1.13.1' ],
233 silly audit   browserslist: [ '4.28.2' ],
233 silly audit   'call-bind-apply-helpers': [ '1.0.2' ],
233 silly audit   'caniuse-lite': [ '1.0.30001791' ],
233 silly audit   'combined-stream': [ '1.0.8' ],
233 silly audit   'convert-source-map': [ '2.0.0' ],
233 silly audit   csstype: [ '3.2.3' ],
233 silly audit   debug: [ '4.4.3' ],
233 silly audit   'delayed-stream': [ '1.0.0' ],
233 silly audit   'dunder-proto': [ '1.0.1' ],
233 silly audit   'electron-to-chromium': [ '1.5.344' ],
233 silly audit   'es-define-property': [ '1.0.1' ],
233 silly audit   'es-errors': [ '1.3.0' ],
233 silly audit   'es-object-atoms': [ '1.1.1' ],
233 silly audit   'es-set-tostringtag': [ '2.1.0' ],
233 silly audit   esbuild: [ '0.21.5' ],
233 silly audit   escalade: [ '3.2.0' ],
233 silly audit   'follow-redirects': [ '1.16.0' ],
233 silly audit   'form-data': [ '4.0.5' ],
233 silly audit   fsevents: [ '2.3.3' ],
233 silly audit   'function-bind': [ '1.1.2' ],
233 silly audit   gensync: [ '1.0.0-beta.2' ],
233 silly audit   'get-intrinsic': [ '1.3.0' ],
233 silly audit   'get-proto': [ '1.0.1' ],
233 silly audit   gopd: [ '1.2.0' ],
233 silly audit   'has-symbols': [ '1.1.0' ],
233 silly audit   'has-tostringtag': [ '1.0.2' ],
233 silly audit   hasown: [ '2.0.3' ],
233 silly audit   'js-tokens': [ '4.0.0' ],
233 silly audit   jsesc: [ '3.1.0' ],
233 silly audit   json5: [ '2.2.3' ],
233 silly audit   'loose-envify': [ '1.4.0' ],
233 silly audit   'lru-cache': [ '5.1.1' ],
233 silly audit   'math-intrinsics': [ '1.1.0' ],
233 silly audit   'mime-db': [ '1.52.0' ],
233 silly audit   'mime-types': [ '2.1.35' ],
233 silly audit   ms: [ '2.1.3' ],
233 silly audit   nanoid: [ '3.3.11' ],
233 silly audit   'node-releases': [ '2.0.38' ],
233 silly audit   picocolors: [ '1.1.1' ],
233 silly audit   postcss: [ '8.5.12' ],
233 silly audit   'proxy-from-env': [ '2.1.0' ],
233 silly audit   react: [ '18.3.1' ],
233 silly audit   'react-dom': [ '18.3.1' ],
233 silly audit   'react-refresh': [ '0.17.0' ],
233 silly audit   'react-router': [ '6.30.3' ],
233 silly audit   'react-router-dom': [ '6.30.3' ],
233 silly audit   rollup: [ '4.60.2' ],
233 silly audit   scheduler: [ '0.23.2' ],
233 silly audit   semver: [ '6.3.1' ],
233 silly audit   'source-map-js': [ '1.2.1' ],
233 silly audit   typescript: [ '5.9.3' ],
233 silly audit   'update-browserslist-db': [ '1.2.3' ],
233 silly audit   vite: [ '5.4.21' ],
233 silly audit   yallist: [ '3.1.1' ],
233 silly audit   '@tailwindcss/vite': [ '4.3.0' ],
233 silly audit   tailwindcss: [ '4.3.0' ],
233 silly audit   '@tailwindcss/node': [ '4.3.0' ],
233 silly audit   '@tailwindcss/oxide': [ '4.3.0' ],
233 silly audit   'enhanced-resolve': [ '5.21.3' ],
233 silly audit   jiti: [ '2.7.0' ],
233 silly audit   lightningcss: [ '1.32.0' ],
233 silly audit   'magic-string': [ '0.30.21' ],
233 silly audit   '@tailwindcss/oxide-android-arm64': [ '4.3.0' ],
233 silly audit   '@tailwindcss/oxide-darwin-arm64': [ '4.3.0' ],
233 silly audit   '@tailwindcss/oxide-darwin-x64': [ '4.3.0' ],
233 silly audit   '@tailwindcss/oxide-freebsd-x64': [ '4.3.0' ],
233 silly audit   '@tailwindcss/oxide-linux-arm-gnueabihf': [ '4.3.0' ],
233 silly audit   '@tailwindcss/oxide-linux-arm64-gnu': [ '4.3.0' ],
233 silly audit   '@tailwindcss/oxide-linux-arm64-musl': [ '4.3.0' ],
233 silly audit   '@tailwindcss/oxide-linux-x64-gnu': [ '4.3.0' ],
233 silly audit   '@tailwindcss/oxide-linux-x64-musl': [ '4.3.0' ],
233 silly audit   '@tailwindcss/oxide-win32-arm64-msvc': [ '4.3.0' ],
233 silly audit   '@tailwindcss/oxide-win32-x64-msvc': [ '4.3.0' ],
233 silly audit   'graceful-fs': [ '4.2.11' ],
233 silly audit   tapable: [ '2.3.3' ],
233 silly audit   'detect-libc': [ '2.1.2' ],
233 silly audit   'lightningcss-android-arm64': [ '1.32.0' ],
233 silly audit   'lightningcss-darwin-arm64': [ '1.32.0' ],
233 silly audit   'lightningcss-darwin-x64': [ '1.32.0' ],
233 silly audit   'lightningcss-freebsd-x64': [ '1.32.0' ],
233 silly audit   'lightningcss-linux-arm-gnueabihf': [ '1.32.0' ],
233 silly audit   'lightningcss-linux-arm64-gnu': [ '1.32.0' ],
233 silly audit   'lightningcss-linux-arm64-musl': [ '1.32.0' ],
233 silly audit   'lightningcss-linux-x64-gnu': [ '1.32.0' ],
233 silly audit   'lightningcss-linux-x64-musl': [ '1.32.0' ],
233 silly audit   'lightningcss-win32-arm64-msvc': [ '1.32.0' ],
233 silly audit   'lightningcss-win32-x64-msvc': [ '1.32.0' ],
233 silly audit   '@tailwindcss/oxide-wasm32-wasi': [ '4.3.0' ]
233 silly audit }
234 verbose reify failed optional dependency C:\Users\samir\Desktop\coding\SplitEasy\frontend-react\node_modules\lightningcss-win32-arm64-msvc
235 silly reify mark deleted [
235 silly reify   'C:\\Users\\samir\\Desktop\\coding\\SplitEasy\\frontend-react\\node_modules\\lightningcss-win32-arm64-msvc'
235 silly reify ]
236 verbose reify failed optional dependency C:\Users\samir\Desktop\coding\SplitEasy\frontend-react\node_modules\lightningcss-linux-x64-musl
237 silly reify mark deleted [
237 silly reify   'C:\\Users\\samir\\Desktop\\coding\\SplitEasy\\frontend-react\\node_modules\\lightningcss-linux-x64-musl'
237 silly reify ]
238 verbose reify failed optional dependency C:\Users\samir\Desktop\coding\SplitEasy\frontend-react\node_modules\lightningcss-linux-x64-gnu
239 silly reify mark deleted [
239 silly reify   'C:\\Users\\samir\\Desktop\\coding\\SplitEasy\\frontend-react\\node_modules\\lightningcss-linux-x64-gnu'
239 silly reify ]
240 verbose reify failed optional dependency C:\Users\samir\Desktop\coding\SplitEasy\frontend-react\node_modules\lightningcss-linux-arm64-musl
241 silly reify mark deleted [
241 silly reify   'C:\\Users\\samir\\Desktop\\coding\\SplitEasy\\frontend-react\\node_modules\\lightningcss-linux-arm64-musl'
241 silly reify ]
242 verbose reify failed optional dependency C:\Users\samir\Desktop\coding\SplitEasy\frontend-react\node_modules\lightningcss-linux-arm64-gnu
243 silly reify mark deleted [
243 silly reify   'C:\\Users\\samir\\Desktop\\coding\\SplitEasy\\frontend-react\\node_modules\\lightningcss-linux-arm64-gnu'
243 silly reify ]
244 verbose reify failed optional dependency C:\Users\samir\Desktop\coding\SplitEasy\frontend-react\node_modules\lightningcss-linux-arm-gnueabihf
245 silly reify mark deleted [
245 silly reify   'C:\\Users\\samir\\Desktop\\coding\\SplitEasy\\frontend-react\\node_modules\\lightningcss-linux-arm-gnueabihf'
245 silly reify ]
246 verbose reify failed optional dependency C:\Users\samir\Desktop\coding\SplitEasy\frontend-react\node_modules\lightningcss-freebsd-x64
247 silly reify mark deleted [
247 silly reify   'C:\\Users\\samir\\Desktop\\coding\\SplitEasy\\frontend-react\\node_modules\\lightningcss-freebsd-x64'
247 silly reify ]
248 verbose reify failed optional dependency C:\Users\samir\Desktop\coding\SplitEasy\frontend-react\node_modules\lightningcss-darwin-x64
249 silly reify mark deleted [
249 silly reify   'C:\\Users\\samir\\Desktop\\coding\\SplitEasy\\frontend-react\\node_modules\\lightningcss-darwin-x64'
249 silly reify ]
250 verbose reify failed optional dependency C:\Users\samir\Desktop\coding\SplitEasy\frontend-react\node_modules\lightningcss-darwin-arm64
251 silly reify mark deleted [
251 silly reify   'C:\\Users\\samir\\Desktop\\coding\\SplitEasy\\frontend-react\\node_modules\\lightningcss-darwin-arm64'
251 silly reify ]
252 verbose reify failed optional dependency C:\Users\samir\Desktop\coding\SplitEasy\frontend-react\node_modules\lightningcss-android-arm64
253 silly reify mark deleted [
253 silly reify   'C:\\Users\\samir\\Desktop\\coding\\SplitEasy\\frontend-react\\node_modules\\lightningcss-android-arm64'
253 silly reify ]
254 verbose reify failed optional dependency C:\Users\samir\Desktop\coding\SplitEasy\frontend-react\node_modules\@tailwindcss\oxide-win32-arm64-msvc
255 silly reify mark deleted [
255 silly reify   'C:\\Users\\samir\\Desktop\\coding\\SplitEasy\\frontend-react\\node_modules\\@tailwindcss\\oxide-win32-arm64-msvc'
255 silly reify ]
256 verbose reify failed optional dependency C:\Users\samir\Desktop\coding\SplitEasy\frontend-react\node_modules\@tailwindcss\oxide-linux-x64-musl
257 silly reify mark deleted [
257 silly reify   'C:\\Users\\samir\\Desktop\\coding\\SplitEasy\\frontend-react\\node_modules\\@tailwindcss\\oxide-linux-x64-musl'
257 silly reify ]
258 verbose reify failed optional dependency C:\Users\samir\Desktop\coding\SplitEasy\frontend-react\node_modules\@tailwindcss\oxide-linux-x64-gnu
259 silly reify mark deleted [
259 silly reify   'C:\\Users\\samir\\Desktop\\coding\\SplitEasy\\frontend-react\\node_modules\\@tailwindcss\\oxide-linux-x64-gnu'
259 silly reify ]
260 verbose reify failed optional dependency C:\Users\samir\Desktop\coding\SplitEasy\frontend-react\node_modules\@tailwindcss\oxide-linux-arm64-musl
261 silly reify mark deleted [
261 silly reify   'C:\\Users\\samir\\Desktop\\coding\\SplitEasy\\frontend-react\\node_modules\\@tailwindcss\\oxide-linux-arm64-musl'
261 silly reify ]
262 verbose reify failed optional dependency C:\Users\samir\Desktop\coding\SplitEasy\frontend-react\node_modules\@tailwindcss\oxide-linux-arm64-gnu
263 silly reify mark deleted [
263 silly reify   'C:\\Users\\samir\\Desktop\\coding\\SplitEasy\\frontend-react\\node_modules\\@tailwindcss\\oxide-linux-arm64-gnu'
263 silly reify ]
264 verbose reify failed optional dependency C:\Users\samir\Desktop\coding\SplitEasy\frontend-react\node_modules\@tailwindcss\oxide-linux-arm-gnueabihf
265 silly reify mark deleted [
265 silly reify   'C:\\Users\\samir\\Desktop\\coding\\SplitEasy\\frontend-react\\node_modules\\@tailwindcss\\oxide-linux-arm-gnueabihf'
265 silly reify ]
266 verbose reify failed optional dependency C:\Users\samir\Desktop\coding\SplitEasy\frontend-react\node_modules\@tailwindcss\oxide-freebsd-x64
267 silly reify mark deleted [
267 silly reify   'C:\\Users\\samir\\Desktop\\coding\\SplitEasy\\frontend-react\\node_modules\\@tailwindcss\\oxide-freebsd-x64'
267 silly reify ]
268 verbose reify failed optional dependency C:\Users\samir\Desktop\coding\SplitEasy\frontend-react\node_modules\@tailwindcss\oxide-darwin-x64
269 silly reify mark deleted [
269 silly reify   'C:\\Users\\samir\\Desktop\\coding\\SplitEasy\\frontend-react\\node_modules\\@tailwindcss\\oxide-darwin-x64'
269 silly reify ]
270 verbose reify failed optional dependency C:\Users\samir\Desktop\coding\SplitEasy\frontend-react\node_modules\@tailwindcss\oxide-darwin-arm64
271 silly reify mark deleted [
271 silly reify   'C:\\Users\\samir\\Desktop\\coding\\SplitEasy\\frontend-react\\node_modules\\@tailwindcss\\oxide-darwin-arm64'
271 silly reify ]
272 verbose reify failed optional dependency C:\Users\samir\Desktop\coding\SplitEasy\frontend-react\node_modules\@tailwindcss\oxide-android-arm64
273 silly reify mark deleted [
273 silly reify   'C:\\Users\\samir\\Desktop\\coding\\SplitEasy\\frontend-react\\node_modules\\@tailwindcss\\oxide-android-arm64'
273 silly reify ]
274 verbose reify failed optional dependency C:\Users\samir\Desktop\coding\SplitEasy\frontend-react\node_modules\fsevents
275 silly reify mark deleted [
275 silly reify   'C:\\Users\\samir\\Desktop\\coding\\SplitEasy\\frontend-react\\node_modules\\fsevents'
275 silly reify ]
276 verbose reify failed optional dependency C:\Users\samir\Desktop\coding\SplitEasy\frontend-react\node_modules\@rollup\rollup-win32-ia32-msvc
277 silly reify mark deleted [
277 silly reify   'C:\\Users\\samir\\Desktop\\coding\\SplitEasy\\frontend-react\\node_modules\\@rollup\\rollup-win32-ia32-msvc'
277 silly reify ]
278 verbose reify failed optional dependency C:\Users\samir\Desktop\coding\SplitEasy\frontend-react\node_modules\@rollup\rollup-win32-arm64-msvc
279 silly reify mark deleted [
279 silly reify   'C:\\Users\\samir\\Desktop\\coding\\SplitEasy\\frontend-react\\node_modules\\@rollup\\rollup-win32-arm64-msvc'
279 silly reify ]
280 verbose reify failed optional dependency C:\Users\samir\Desktop\coding\SplitEasy\frontend-react\node_modules\@rollup\rollup-openharmony-arm64
281 silly reify mark deleted [
281 silly reify   'C:\\Users\\samir\\Desktop\\coding\\SplitEasy\\frontend-react\\node_modules\\@rollup\\rollup-openharmony-arm64'
281 silly reify ]
282 verbose reify failed optional dependency C:\Users\samir\Desktop\coding\SplitEasy\frontend-react\node_modules\@rollup\rollup-openbsd-x64
283 silly reify mark deleted [
283 silly reify   'C:\\Users\\samir\\Desktop\\coding\\SplitEasy\\frontend-react\\node_modules\\@rollup\\rollup-openbsd-x64'
283 silly reify ]
284 verbose reify failed optional dependency C:\Users\samir\Desktop\coding\SplitEasy\frontend-react\node_modules\@rollup\rollup-linux-x64-musl
285 silly reify mark deleted [
285 silly reify   'C:\\Users\\samir\\Desktop\\coding\\SplitEasy\\frontend-react\\node_modules\\@rollup\\rollup-linux-x64-musl'
285 silly reify ]
286 verbose reify failed optional dependency C:\Users\samir\Desktop\coding\SplitEasy\frontend-react\node_modules\@rollup\rollup-linux-x64-gnu
287 silly reify mark deleted [
287 silly reify   'C:\\Users\\samir\\Desktop\\coding\\SplitEasy\\frontend-react\\node_modules\\@rollup\\rollup-linux-x64-gnu'
287 silly reify ]
288 verbose reify failed optional dependency C:\Users\samir\Desktop\coding\SplitEasy\frontend-react\node_modules\@rollup\rollup-linux-s390x-gnu
289 silly reify mark deleted [
289 silly reify   'C:\\Users\\samir\\Desktop\\coding\\SplitEasy\\frontend-react\\node_modules\\@rollup\\rollup-linux-s390x-gnu'
289 silly reify ]
290 verbose reify failed optional dependency C:\Users\samir\Desktop\coding\SplitEasy\frontend-react\node_modules\@rollup\rollup-linux-riscv64-musl
291 silly reify mark deleted [
291 silly reify   'C:\\Users\\samir\\Desktop\\coding\\SplitEasy\\frontend-react\\node_modules\\@rollup\\rollup-linux-riscv64-musl'
291 silly reify ]
292 verbose reify failed optional dependency C:\Users\samir\Desktop\coding\SplitEasy\frontend-react\node_modules\@rollup\rollup-linux-riscv64-gnu
293 silly reify mark deleted [
293 silly reify   'C:\\Users\\samir\\Desktop\\coding\\SplitEasy\\frontend-react\\node_modules\\@rollup\\rollup-linux-riscv64-gnu'
293 silly reify ]
294 verbose reify failed optional dependency C:\Users\samir\Desktop\coding\SplitEasy\frontend-react\node_modules\@rollup\rollup-linux-ppc64-musl
295 silly reify mark deleted [
295 silly reify   'C:\\Users\\samir\\Desktop\\coding\\SplitEasy\\frontend-react\\node_modules\\@rollup\\rollup-linux-ppc64-musl'
295 silly reify ]
296 verbose reify failed optional dependency C:\Users\samir\Desktop\coding\SplitEasy\frontend-react\node_modules\@rollup\rollup-linux-ppc64-gnu
297 silly reify mark deleted [
297 silly reify   'C:\\Users\\samir\\Desktop\\coding\\SplitEasy\\frontend-react\\node_modules\\@rollup\\rollup-linux-ppc64-gnu'
297 silly reify ]
298 verbose reify failed optional dependency C:\Users\samir\Desktop\coding\SplitEasy\frontend-react\node_modules\@rollup\rollup-linux-loong64-musl
299 silly reify mark deleted [
299 silly reify   'C:\\Users\\samir\\Desktop\\coding\\SplitEasy\\frontend-react\\node_modules\\@rollup\\rollup-linux-loong64-musl'
299 silly reify ]
300 verbose reify failed optional dependency C:\Users\samir\Desktop\coding\SplitEasy\frontend-react\node_modules\@rollup\rollup-linux-loong64-gnu
301 silly reify mark deleted [
301 silly reify   'C:\\Users\\samir\\Desktop\\coding\\SplitEasy\\frontend-react\\node_modules\\@rollup\\rollup-linux-loong64-gnu'
301 silly reify ]
302 verbose reify failed optional dependency C:\Users\samir\Desktop\coding\SplitEasy\frontend-react\node_modules\@rollup\rollup-linux-arm64-musl
303 silly reify mark deleted [
303 silly reify   'C:\\Users\\samir\\Desktop\\coding\\SplitEasy\\frontend-react\\node_modules\\@rollup\\rollup-linux-arm64-musl'
303 silly reify ]
304 verbose reify failed optional dependency C:\Users\samir\Desktop\coding\SplitEasy\frontend-react\node_modules\@rollup\rollup-linux-arm64-gnu
305 silly reify mark deleted [
305 silly reify   'C:\\Users\\samir\\Desktop\\coding\\SplitEasy\\frontend-react\\node_modules\\@rollup\\rollup-linux-arm64-gnu'
305 silly reify ]
306 verbose reify failed optional dependency C:\Users\samir\Desktop\coding\SplitEasy\frontend-react\node_modules\@rollup\rollup-linux-arm-musleabihf
307 silly reify mark deleted [
307 silly reify   'C:\\Users\\samir\\Desktop\\coding\\SplitEasy\\frontend-react\\node_modules\\@rollup\\rollup-linux-arm-musleabihf'
307 silly reify ]
308 verbose reify failed optional dependency C:\Users\samir\Desktop\coding\SplitEasy\frontend-react\node_modules\@rollup\rollup-linux-arm-gnueabihf
309 silly reify mark deleted [
309 silly reify   'C:\\Users\\samir\\Desktop\\coding\\SplitEasy\\frontend-react\\node_modules\\@rollup\\rollup-linux-arm-gnueabihf'
309 silly reify ]
310 verbose reify failed optional dependency C:\Users\samir\Desktop\coding\SplitEasy\frontend-react\node_modules\@rollup\rollup-freebsd-x64
311 silly reify mark deleted [
311 silly reify   'C:\\Users\\samir\\Desktop\\coding\\SplitEasy\\frontend-react\\node_modules\\@rollup\\rollup-freebsd-x64'
311 silly reify ]
312 verbose reify failed optional dependency C:\Users\samir\Desktop\coding\SplitEasy\frontend-react\node_modules\@rollup\rollup-freebsd-arm64
313 silly reify mark deleted [
313 silly reify   'C:\\Users\\samir\\Desktop\\coding\\SplitEasy\\frontend-react\\node_modules\\@rollup\\rollup-freebsd-arm64'
313 silly reify ]
314 verbose reify failed optional dependency C:\Users\samir\Desktop\coding\SplitEasy\frontend-react\node_modules\@rollup\rollup-darwin-x64
315 silly reify mark deleted [
315 silly reify   'C:\\Users\\samir\\Desktop\\coding\\SplitEasy\\frontend-react\\node_modules\\@rollup\\rollup-darwin-x64'
315 silly reify ]
316 verbose reify failed optional dependency C:\Users\samir\Desktop\coding\SplitEasy\frontend-react\node_modules\@rollup\rollup-darwin-arm64
317 silly reify mark deleted [
317 silly reify   'C:\\Users\\samir\\Desktop\\coding\\SplitEasy\\frontend-react\\node_modules\\@rollup\\rollup-darwin-arm64'
317 silly reify ]
318 verbose reify failed optional dependency C:\Users\samir\Desktop\coding\SplitEasy\frontend-react\node_modules\@rollup\rollup-android-arm64
319 silly reify mark deleted [
319 silly reify   'C:\\Users\\samir\\Desktop\\coding\\SplitEasy\\frontend-react\\node_modules\\@rollup\\rollup-android-arm64'
319 silly reify ]
320 verbose reify failed optional dependency C:\Users\samir\Desktop\coding\SplitEasy\frontend-react\node_modules\@rollup\rollup-android-arm-eabi
321 silly reify mark deleted [
321 silly reify   'C:\\Users\\samir\\Desktop\\coding\\SplitEasy\\frontend-react\\node_modules\\@rollup\\rollup-android-arm-eabi'
321 silly reify ]
322 verbose reify failed optional dependency C:\Users\samir\Desktop\coding\SplitEasy\frontend-react\node_modules\@esbuild\win32-ia32
323 silly reify mark deleted [
323 silly reify   'C:\\Users\\samir\\Desktop\\coding\\SplitEasy\\frontend-react\\node_modules\\@esbuild\\win32-ia32'
323 silly reify ]
324 verbose reify failed optional dependency C:\Users\samir\Desktop\coding\SplitEasy\frontend-react\node_modules\@esbuild\win32-arm64
325 silly reify mark deleted [
325 silly reify   'C:\\Users\\samir\\Desktop\\coding\\SplitEasy\\frontend-react\\node_modules\\@esbuild\\win32-arm64'
325 silly reify ]
326 verbose reify failed optional dependency C:\Users\samir\Desktop\coding\SplitEasy\frontend-react\node_modules\@esbuild\sunos-x64
327 silly reify mark deleted [
327 silly reify   'C:\\Users\\samir\\Desktop\\coding\\SplitEasy\\frontend-react\\node_modules\\@esbuild\\sunos-x64'
327 silly reify ]
328 verbose reify failed optional dependency C:\Users\samir\Desktop\coding\SplitEasy\frontend-react\node_modules\@esbuild\openbsd-x64
329 silly reify mark deleted [
329 silly reify   'C:\\Users\\samir\\Desktop\\coding\\SplitEasy\\frontend-react\\node_modules\\@esbuild\\openbsd-x64'
329 silly reify ]
330 verbose reify failed optional dependency C:\Users\samir\Desktop\coding\SplitEasy\frontend-react\node_modules\@esbuild\netbsd-x64
331 silly reify mark deleted [
331 silly reify   'C:\\Users\\samir\\Desktop\\coding\\SplitEasy\\frontend-react\\node_modules\\@esbuild\\netbsd-x64'
331 silly reify ]
332 verbose reify failed optional dependency C:\Users\samir\Desktop\coding\SplitEasy\frontend-react\node_modules\@esbuild\linux-x64
333 silly reify mark deleted [
333 silly reify   'C:\\Users\\samir\\Desktop\\coding\\SplitEasy\\frontend-react\\node_modules\\@esbuild\\linux-x64'
333 silly reify ]
334 verbose reify failed optional dependency C:\Users\samir\Desktop\coding\SplitEasy\frontend-react\node_modules\@esbuild\linux-s390x
335 silly reify mark deleted [
335 silly reify   'C:\\Users\\samir\\Desktop\\coding\\SplitEasy\\frontend-react\\node_modules\\@esbuild\\linux-s390x'
335 silly reify ]
336 verbose reify failed optional dependency C:\Users\samir\Desktop\coding\SplitEasy\frontend-react\node_modules\@esbuild\linux-riscv64
337 silly reify mark deleted [
337 silly reify   'C:\\Users\\samir\\Desktop\\coding\\SplitEasy\\frontend-react\\node_modules\\@esbuild\\linux-riscv64'
337 silly reify ]
338 verbose reify failed optional dependency C:\Users\samir\Desktop\coding\SplitEasy\frontend-react\node_modules\@esbuild\linux-ppc64
339 silly reify mark deleted [
339 silly reify   'C:\\Users\\samir\\Desktop\\coding\\SplitEasy\\frontend-react\\node_modules\\@esbuild\\linux-ppc64'
339 silly reify ]
340 verbose reify failed optional dependency C:\Users\samir\Desktop\coding\SplitEasy\frontend-react\node_modules\@esbuild\linux-mips64el
341 silly reify mark deleted [
341 silly reify   'C:\\Users\\samir\\Desktop\\coding\\SplitEasy\\frontend-react\\node_modules\\@esbuild\\linux-mips64el'
341 silly reify ]
342 verbose reify failed optional dependency C:\Users\samir\Desktop\coding\SplitEasy\frontend-react\node_modules\@esbuild\linux-loong64
343 silly reify mark deleted [
343 silly reify   'C:\\Users\\samir\\Desktop\\coding\\SplitEasy\\frontend-react\\node_modules\\@esbuild\\linux-loong64'
343 silly reify ]
344 verbose reify failed optional dependency C:\Users\samir\Desktop\coding\SplitEasy\frontend-react\node_modules\@esbuild\linux-ia32
345 silly reify mark deleted [
345 silly reify   'C:\\Users\\samir\\Desktop\\coding\\SplitEasy\\frontend-react\\node_modules\\@esbuild\\linux-ia32'
345 silly reify ]
346 verbose reify failed optional dependency C:\Users\samir\Desktop\coding\SplitEasy\frontend-react\node_modules\@esbuild\linux-arm64
347 silly reify mark deleted [
347 silly reify   'C:\\Users\\samir\\Desktop\\coding\\SplitEasy\\frontend-react\\node_modules\\@esbuild\\linux-arm64'
347 silly reify ]
348 verbose reify failed optional dependency C:\Users\samir\Desktop\coding\SplitEasy\frontend-react\node_modules\@esbuild\linux-arm
349 silly reify mark deleted [
349 silly reify   'C:\\Users\\samir\\Desktop\\coding\\SplitEasy\\frontend-react\\node_modules\\@esbuild\\linux-arm'
349 silly reify ]
350 verbose reify failed optional dependency C:\Users\samir\Desktop\coding\SplitEasy\frontend-react\node_modules\@esbuild\freebsd-x64
351 silly reify mark deleted [
351 silly reify   'C:\\Users\\samir\\Desktop\\coding\\SplitEasy\\frontend-react\\node_modules\\@esbuild\\freebsd-x64'
351 silly reify ]
352 verbose reify failed optional dependency C:\Users\samir\Desktop\coding\SplitEasy\frontend-react\node_modules\@esbuild\freebsd-arm64
353 silly reify mark deleted [
353 silly reify   'C:\\Users\\samir\\Desktop\\coding\\SplitEasy\\frontend-react\\node_modules\\@esbuild\\freebsd-arm64'
353 silly reify ]
354 verbose reify failed optional dependency C:\Users\samir\Desktop\coding\SplitEasy\frontend-react\node_modules\@esbuild\darwin-x64
355 silly reify mark deleted [
355 silly reify   'C:\\Users\\samir\\Desktop\\coding\\SplitEasy\\frontend-react\\node_modules\\@esbuild\\darwin-x64'
355 silly reify ]
356 verbose reify failed optional dependency C:\Users\samir\Desktop\coding\SplitEasy\frontend-react\node_modules\@esbuild\darwin-arm64
357 silly reify mark deleted [
357 silly reify   'C:\\Users\\samir\\Desktop\\coding\\SplitEasy\\frontend-react\\node_modules\\@esbuild\\darwin-arm64'
357 silly reify ]
358 verbose reify failed optional dependency C:\Users\samir\Desktop\coding\SplitEasy\frontend-react\node_modules\@esbuild\android-x64
359 silly reify mark deleted [
359 silly reify   'C:\\Users\\samir\\Desktop\\coding\\SplitEasy\\frontend-react\\node_modules\\@esbuild\\android-x64'
359 silly reify ]
360 verbose reify failed optional dependency C:\Users\samir\Desktop\coding\SplitEasy\frontend-react\node_modules\@esbuild\android-arm64
361 silly reify mark deleted [
361 silly reify   'C:\\Users\\samir\\Desktop\\coding\\SplitEasy\\frontend-react\\node_modules\\@esbuild\\android-arm64'
361 silly reify ]
362 verbose reify failed optional dependency C:\Users\samir\Desktop\coding\SplitEasy\frontend-react\node_modules\@esbuild\android-arm
363 silly reify mark deleted [
363 silly reify   'C:\\Users\\samir\\Desktop\\coding\\SplitEasy\\frontend-react\\node_modules\\@esbuild\\android-arm'
363 silly reify ]
364 verbose reify failed optional dependency C:\Users\samir\Desktop\coding\SplitEasy\frontend-react\node_modules\@esbuild\aix-ppc64
365 silly reify mark deleted [
365 silly reify   'C:\\Users\\samir\\Desktop\\coding\\SplitEasy\\frontend-react\\node_modules\\@esbuild\\aix-ppc64'
365 silly reify ]
366 http cache lightningcss-win32-x64-msvc@https://registry.npmjs.org/lightningcss-win32-x64-msvc/-/lightningcss-win32-x64-msvc-1.32.0.tgz 0ms (cache hit)
367 http cache detect-libc@https://registry.npmjs.org/detect-libc/-/detect-libc-2.1.2.tgz 1ms (cache hit)
368 http cache tapable@https://registry.npmjs.org/tapable/-/tapable-2.3.3.tgz 0ms (cache hit)
369 http cache graceful-fs@https://registry.npmjs.org/graceful-fs/-/graceful-fs-4.2.11.tgz 0ms (cache hit)
370 http cache @tailwindcss/oxide-win32-x64-msvc@https://registry.npmjs.org/@tailwindcss/oxide-win32-x64-msvc/-/oxide-win32-x64-msvc-4.3.0.tgz 0ms (cache hit)
371 http cache magic-string@https://registry.npmjs.org/magic-string/-/magic-string-0.30.21.tgz 0ms (cache hit)
372 http cache lightningcss@https://registry.npmjs.org/lightningcss/-/lightningcss-1.32.0.tgz 0ms (cache hit)
373 http cache jiti@https://registry.npmjs.org/jiti/-/jiti-2.7.0.tgz 0ms (cache hit)
374 http cache enhanced-resolve@https://registry.npmjs.org/enhanced-resolve/-/enhanced-resolve-5.21.3.tgz 0ms (cache hit)
375 http cache @tailwindcss/oxide@https://registry.npmjs.org/@tailwindcss/oxide/-/oxide-4.3.0.tgz 0ms (cache hit)
376 http cache @tailwindcss/node@https://registry.npmjs.org/@tailwindcss/node/-/node-4.3.0.tgz 0ms (cache hit)
377 http cache tailwindcss@https://registry.npmjs.org/tailwindcss/-/tailwindcss-4.3.0.tgz 0ms (cache hit)
378 http cache @tailwindcss/vite@https://registry.npmjs.org/@tailwindcss/vite/-/vite-4.3.0.tgz 0ms (cache hit)
379 silly tarball no local data for lightningcss-win32-x64-msvc@https://registry.npmjs.org/lightningcss-win32-x64-msvc/-/lightningcss-win32-x64-msvc-1.32.0.tgz. Extracting by manifest.
380 silly tarball no local data for detect-libc@https://registry.npmjs.org/detect-libc/-/detect-libc-2.1.2.tgz. Extracting by manifest.
381 silly tarball no local data for tapable@https://registry.npmjs.org/tapable/-/tapable-2.3.3.tgz. Extracting by manifest.
382 silly tarball no local data for graceful-fs@https://registry.npmjs.org/graceful-fs/-/graceful-fs-4.2.11.tgz. Extracting by manifest.
383 silly tarball no local data for @tailwindcss/oxide-win32-x64-msvc@https://registry.npmjs.org/@tailwindcss/oxide-win32-x64-msvc/-/oxide-win32-x64-msvc-4.3.0.tgz. Extracting by manifest.
384 silly tarball no local data for magic-string@https://registry.npmjs.org/magic-string/-/magic-string-0.30.21.tgz. Extracting by manifest.
385 silly tarball no local data for lightningcss@https://registry.npmjs.org/lightningcss/-/lightningcss-1.32.0.tgz. Extracting by manifest.
386 silly tarball no local data for jiti@https://registry.npmjs.org/jiti/-/jiti-2.7.0.tgz. Extracting by manifest.
387 silly tarball no local data for enhanced-resolve@https://registry.npmjs.org/enhanced-resolve/-/enhanced-resolve-5.21.3.tgz. Extracting by manifest.
388 silly tarball no local data for @tailwindcss/oxide@https://registry.npmjs.org/@tailwindcss/oxide/-/oxide-4.3.0.tgz. Extracting by manifest.
389 silly tarball no local data for @tailwindcss/node@https://registry.npmjs.org/@tailwindcss/node/-/node-4.3.0.tgz. Extracting by manifest.
390 silly tarball no local data for tailwindcss@https://registry.npmjs.org/tailwindcss/-/tailwindcss-4.3.0.tgz. Extracting by manifest.
391 silly tarball no local data for @tailwindcss/vite@https://registry.npmjs.org/@tailwindcss/vite/-/vite-4.3.0.tgz. Extracting by manifest.
392 http fetch POST 200 https://registry.npmjs.org/-/npm/v1/security/advisories/bulk 356ms
393 silly audit report {
393 silly audit report   esbuild: [
393 silly audit report     {
393 silly audit report       id: 1102341,
393 silly audit report       url: 'https://github.com/advisories/GHSA-67mh-4wv8-2f99',
393 silly audit report       title: 'esbuild enables any website to send any requests to the development server and read the response',
393 silly audit report       severity: 'moderate',
393 silly audit report       vulnerable_versions: '<=0.24.2',
393 silly audit report       cwe: [Array],
393 silly audit report       cvss: [Object]
393 silly audit report     }
393 silly audit report   ],
393 silly audit report   vite: [
393 silly audit report     {
393 silly audit report       id: 1116229,
393 silly audit report       url: 'https://github.com/advisories/GHSA-4w7w-66w2-5vf9',
393 silly audit report       title: 'Vite Vulnerable to Path Traversal in Optimized Deps `.map` Handling',
393 silly audit report       severity: 'moderate',
393 silly audit report       vulnerable_versions: '<=6.4.1',
393 silly audit report       cwe: [Array],
393 silly audit report       cvss: [Object]
393 silly audit report     }
393 silly audit report   ]
393 silly audit report }
394 silly packumentCache corgi:https://registry.npmjs.org/esbuild cache-miss
395 silly packumentCache corgi:https://registry.npmjs.org/vite cache-miss
396 http fetch GET 200 https://registry.npmjs.org/@tailwindcss/oxide/-/oxide-4.3.0.tgz 858ms (cache miss)
397 http fetch GET 200 https://registry.npmjs.org/@tailwindcss/vite/-/vite-4.3.0.tgz 1084ms (cache miss)
398 http fetch GET 200 https://registry.npmjs.org/detect-libc/-/detect-libc-2.1.2.tgz 1102ms (cache miss)
399 http fetch GET 200 https://registry.npmjs.org/graceful-fs/-/graceful-fs-4.2.11.tgz 1156ms (cache miss)
400 http fetch GET 200 https://registry.npmjs.org/@tailwindcss/node/-/node-4.3.0.tgz 1577ms (cache miss)
401 http fetch GET 200 https://registry.npmjs.org/magic-string/-/magic-string-0.30.21.tgz 1778ms (cache miss)
402 http fetch GET 200 https://registry.npmjs.org/tapable/-/tapable-2.3.3.tgz 1795ms (cache miss)
403 http fetch GET 200 https://registry.npmjs.org/esbuild 1516ms (cache miss)
404 silly packumentCache corgi:https://registry.npmjs.org/esbuild set size:undefined disposed:false
405 http fetch GET 200 https://registry.npmjs.org/lightningcss/-/lightningcss-1.32.0.tgz 1969ms (cache miss)
406 http fetch GET 200 https://registry.npmjs.org/vite 1835ms (cache miss)
407 silly packumentCache corgi:https://registry.npmjs.org/vite set size:undefined disposed:false
408 silly packumentCache corgi:https://registry.npmjs.org/@vitejs%2fplugin-react cache-miss
409 silly packumentCache corgi:https://registry.npmjs.org/@tailwindcss%2fvite cache-miss
410 http fetch GET 200 https://registry.npmjs.org/jiti/-/jiti-2.7.0.tgz 2686ms (cache miss)
411 http fetch GET 200 https://registry.npmjs.org/tailwindcss/-/tailwindcss-4.3.0.tgz 2688ms (cache miss)
412 http fetch GET 200 https://registry.npmjs.org/@tailwindcss/oxide-win32-x64-msvc/-/oxide-win32-x64-msvc-4.3.0.tgz 2863ms (cache miss)
413 http fetch GET 200 https://registry.npmjs.org/@vitejs%2fplugin-react 350ms (cache miss)
414 silly packumentCache corgi:https://registry.npmjs.org/@vitejs%2fplugin-react set size:undefined disposed:false
415 http fetch GET 200 https://registry.npmjs.org/enhanced-resolve/-/enhanced-resolve-5.21.3.tgz 3159ms (cache miss)
416 http fetch GET 200 https://registry.npmjs.org/@tailwindcss%2fvite 756ms (cache miss)
417 silly packumentCache corgi:https://registry.npmjs.org/@tailwindcss%2fvite set size:undefined disposed:false
418 http fetch GET 200 https://registry.npmjs.org/lightningcss-win32-x64-msvc/-/lightningcss-win32-x64-msvc-1.32.0.tgz 4470ms (cache miss)
419 silly ADD node_modules/lightningcss-win32-x64-msvc
420 silly ADD
421 silly ADD
422 silly ADD
423 silly ADD
424 silly ADD
425 silly ADD
426 silly ADD
427 silly ADD
428 silly ADD
429 silly ADD
430 silly ADD node_modules/detect-libc
431 silly ADD node_modules/tapable
432 silly ADD node_modules/graceful-fs
433 silly ADD node_modules/@tailwindcss/oxide-win32-x64-msvc
434 silly ADD
435 silly ADD
436 silly ADD
437 silly ADD
438 silly ADD
439 silly ADD
440 silly ADD
441 silly ADD
442 silly ADD
443 silly ADD
444 silly ADD
445 silly ADD node_modules/magic-string
446 silly ADD node_modules/lightningcss
447 silly ADD node_modules/jiti
448 silly ADD node_modules/enhanced-resolve
449 silly ADD node_modules/@tailwindcss/oxide
450 silly ADD node_modules/@tailwindcss/node
451 silly ADD node_modules/tailwindcss
452 silly ADD node_modules/@tailwindcss/vite
453 silly ADD
454 silly ADD
455 silly ADD
456 silly ADD
457 silly ADD
458 silly ADD
459 silly ADD
460 silly ADD
461 silly ADD
462 silly ADD
463 silly ADD
464 silly ADD
465 silly ADD
466 silly ADD
467 silly ADD
468 silly ADD
469 silly ADD
470 silly ADD
471 silly ADD
472 silly ADD
473 silly ADD
474 silly ADD
475 silly ADD
476 silly ADD
477 silly ADD
478 silly ADD
479 silly ADD
480 silly ADD
481 silly ADD
482 silly ADD
483 silly ADD
484 silly ADD
485 silly ADD
486 silly ADD
487 silly ADD
488 silly ADD
489 silly ADD
490 silly ADD
491 silly ADD
492 silly ADD
493 silly ADD
494 silly ADD
495 silly ADD
496 silly ADD
497 silly ADD
498 silly ADD
499 verbose cwd C:\Users\samir\Desktop\coding\SplitEasy\frontend-react
500 verbose os Windows_NT 10.0.19045
501 verbose node v22.19.0
502 verbose npm  v10.9.3
503 notice
503 notice New major version of npm available! 10.9.3 -> 11.14.1
503 notice Changelog: https://github.com/npm/cli/releases/tag/v11.14.1
503 notice To update run: npm install -g npm@11.14.1
503 notice  { force: true, [Symbol(proc-log.meta)]: true }
504 verbose exit 0
505 info ok
